# JRE version: OpenJDK Runtime Environment (8.0_212-b01) (build 1.8.0_212-b01)
# Java VM: OpenJDK 64-Bit Server VM (25.212-b01 mixed mode linux-amd64 compressed oops)
Heap:
 PSYoungGen      total 509952K, used 2848K [0x00000000d5580000, 0x00000000f9800000, 0x0000000100000000)
  eden space 427520K, 0% used [0x00000000d5580000,0x00000000d5580000,0x00000000ef700000)
  from space 82432K, 3% used [0x00000000ef700000,0x00000000ef9c8000,0x00000000f4780000)
  to   space 78848K, 0% used [0x00000000f4b00000,0x00000000f4b00000,0x00000000f9800000)
 ParOldGen       total 211456K, used 176830K [0x0000000080000000, 0x000000008ce80000, 0x00000000d5580000)
  object space 211456K, 83% used [0x0000000080000000,0x000000008acafbc0,0x000000008ce80000)
 Metaspace       used 139752K, capacity 157546K, committed 157680K, reserved 1187840K
  class space    used 17929K, capacity 18951K, committed 18984K, reserved 1048576K
GC Heap History (10 events):
Event: 241.968 GC heap after
Heap after GC invocations=30 (full 10):
 PSYoungGen      total 307712K, used 0K [0x00000000d5580000, 0x00000000eaf80000, 0x0000000100000000)
  eden space 261120K, 0% used [0x00000000d5580000,0x00000000d5580000,0x00000000e5480000)
  from space 46592K, 0% used [0x00000000e8200000,0x00000000e8200000,0x00000000eaf80000)
  to   space 46592K, 0% used [0x00000000e5480000,0x00000000e5480000,0x00000000e8200000)
 ParOldGen       total 211456K, used 70058K [0x0000000080000000, 0x000000008ce80000, 0x00000000d5580000)
  object space 211456K, 33% used [0x0000000080000000,0x000000008446a978,0x000000008ce80000)
 Metaspace       used 109751K, capacity 122266K, committed 125424K, reserved 1159168K
  class space    used 14288K, capacity 15072K, committed 15400K, reserved 1048576K
}
Event: 256.635 GC heap before
{Heap before GC invocations=31 (full 10):
 PSYoungGen      total 307712K, used 261120K [0x00000000d5580000, 0x00000000eaf80000, 0x0000000100000000)
  eden space 261120K, 100% used [0x00000000d5580000,0x00000000e5480000,0x00000000e5480000)
  from space 46592K, 0% used [0x00000000e8200000,0x00000000e8200000,0x00000000eaf80000)
  to   space 46592K, 0% used [0x00000000e5480000,0x00000000e5480000,0x00000000e8200000)
 ParOldGen       total 211456K, used 70058K [0x0000000080000000, 0x000000008ce80000, 0x00000000d5580000)
  object space 211456K, 33% used [0x0000000080000000,0x000000008446a978,0x000000008ce80000)
 Metaspace       used 124820K, capacity 140856K, committed 141040K, reserved 1173504K
  class space    used 16181K, capacity 17088K, committed 17192K, reserved 1048576K
Event: 256.655 GC heap after
Heap after GC invocations=31 (full 10):
 PSYoungGen      total 307712K, used 35844K [0x00000000d5580000, 0x00000000f1900000, 0x0000000100000000)
  eden space 261120K, 0% used [0x00000000d5580000,0x00000000d5580000,0x00000000e5480000)
  from space 46592K, 76% used [0x00000000e5480000,0x00000000e77812e8,0x00000000e8200000)
  to   space 51200K, 0% used [0x00000000ee700000,0x00000000ee700000,0x00000000f1900000)
 ParOldGen       total 211456K, used 70074K [0x0000000080000000, 0x000000008ce80000, 0x00000000d5580000)
  object space 211456K, 33% used [0x0000000080000000,0x000000008446e978,0x000000008ce80000)
 Metaspace       used 124820K, capacity 140856K, committed 141040K, reserved 1173504K
  class space    used 16181K, capacity 17088K, committed 17192K, reserved 1048576K
}
Event: 257.747 GC heap before
{Heap before GC invocations=32 (full 10):
 PSYoungGen      total 307712K, used 296964K [0x00000000d5580000, 0x00000000f1900000, 0x0000000100000000)
  eden space 261120K, 100% used [0x00000000d5580000,0x00000000e5480000,0x00000000e5480000)
  from space 46592K, 76% used [0x00000000e5480000,0x00000000e77812e8,0x00000000e8200000)
  to   space 51200K, 0% used [0x00000000ee700000,0x00000000ee700000,0x00000000f1900000)
 ParOldGen       total 211456K, used 70074K [0x0000000080000000, 0x000000008ce80000, 0x00000000d5580000)
  object space 211456K, 33% used [0x0000000080000000,0x000000008446e978,0x000000008ce80000)
 Metaspace       used 129565K, capacity 146780K, committed 147056K, reserved 1179648K
  class space    used 16802K, capacity 17790K, committed 17832K, reserved 1048576K
Event: 257.796 GC heap after
Heap after GC invocations=32 (full 10):
 PSYoungGen      total 394752K, used 51195K [0x00000000d5580000, 0x00000000f3780000, 0x0000000100000000)
  eden space 343552K, 0% used [0x00000000d5580000,0x00000000d5580000,0x00000000ea500000)
  from space 51200K, 99% used [0x00000000ee700000,0x00000000f18feee8,0x00000000f1900000)
  to   space 67584K, 0% used [0x00000000ea500000,0x00000000ea500000,0x00000000ee700000)
 ParOldGen       total 211456K, used 88804K [0x0000000080000000, 0x000000008ce80000, 0x00000000d5580000)
  object space 211456K, 41% used [0x0000000080000000,0x00000000856b91f8,0x000000008ce80000)
 Metaspace       used 129565K, capacity 146780K, committed 147056K, reserved 1179648K
  class space    used 16802K, capacity 17790K, committed 17832K, reserved 1048576K
}
Event: 259.901 GC heap before
{Heap before GC invocations=33 (full 10):
 PSYoungGen      total 394752K, used 394747K [0x00000000d5580000, 0x00000000f3780000, 0x0000000100000000)
  eden space 343552K, 100% used [0x00000000d5580000,0x00000000ea500000,0x00000000ea500000)
  from space 51200K, 99% used [0x00000000ee700000,0x00000000f18feee8,0x00000000f1900000)
  to   space 67584K, 0% used [0x00000000ea500000,0x00000000ea500000,0x00000000ee700000)
 ParOldGen       total 211456K, used 88804K [0x0000000080000000, 0x000000008ce80000, 0x00000000d5580000)
  object space 211456K, 41% used [0x0000000080000000,0x00000000856b91f8,0x000000008ce80000)
 Metaspace       used 137786K, capacity 155594K, committed 155760K, reserved 1185792K
  class space    used 17804K, capacity 18855K, committed 18856K, reserved 1048576K
Event: 259.976 GC heap after
Heap after GC invocations=33 (full 10):
 PSYoungGen      total 411136K, used 67574K [0x00000000d5580000, 0x00000000fa000000, 0x0000000100000000)
  eden space 343552K, 0% used [0x00000000d5580000,0x00000000d5580000,0x00000000ea500000)
  from space 67584K, 99% used [0x00000000ea500000,0x00000000ee6fdb20,0x00000000ee700000)
  to   space 87040K, 0% used [0x00000000f4b00000,0x00000000f4b00000,0x00000000fa000000)
 ParOldGen       total 211456K, used 109071K [0x0000000080000000, 0x000000008ce80000, 0x00000000d5580000)
  object space 211456K, 51% used [0x0000000080000000,0x0000000086a83fe0,0x000000008ce80000)
 Metaspace       used 137786K, capacity 155594K, committed 155760K, reserved 1185792K
  class space    used 17804K, capacity 18855K, committed 18856K, reserved 1048576K
}
Event: 261.439 GC heap before
{Heap before GC invocations=34 (full 10):
 PSYoungGen      total 411136K, used 411126K [0x00000000d5580000, 0x00000000fa000000, 0x0000000100000000)
  eden space 343552K, 100% used [0x00000000d5580000,0x00000000ea500000,0x00000000ea500000)
  from space 67584K, 99% used [0x00000000ea500000,0x00000000ee6fdb20,0x00000000ee700000)
  to   space 87040K, 0% used [0x00000000f4b00000,0x00000000f4b00000,0x00000000fa000000)
 ParOldGen       total 211456K, used 109071K [0x0000000080000000, 0x000000008ce80000, 0x00000000d5580000)
  object space 211456K, 51% used [0x0000000080000000,0x0000000086a83fe0,0x000000008ce80000)
 Metaspace       used 139504K, capacity 157354K, committed 157424K, reserved 1187840K
  class space    used 17906K, capacity 18951K, committed 18984K, reserved 1048576K
Event: 261.516 GC heap after
Heap after GC invocations=34 (full 10):
 PSYoungGen      total 506368K, used 30662K [0x00000000d5580000, 0x00000000f9800000, 0x0000000100000000)
  eden space 427520K, 0% used [0x00000000d5580000,0x00000000d5580000,0x00000000ef700000)
  from space 78848K, 38% used [0x00000000f4b00000,0x00000000f68f19c8,0x00000000f9800000)
  to   space 82432K, 0% used [0x00000000ef700000,0x00000000ef700000,0x00000000f4780000)
 ParOldGen       total 211456K, used 151751K [0x0000000080000000, 0x000000008ce80000, 0x00000000d5580000)
  object space 211456K, 71% used [0x0000000080000000,0x0000000089431c88,0x000000008ce80000)
 Metaspace       used 139504K, capacity 157354K, committed 157424K, reserved 1187840K
  class space    used 17906K, capacity 18951K, committed 18984K, reserved 1048576K
}
Event: 262.894 GC heap before
{Heap before GC invocations=35 (full 10):
 PSYoungGen      total 506368K, used 458182K [0x00000000d5580000, 0x00000000f9800000, 0x0000000100000000)
  eden space 427520K, 100% used [0x00000000d5580000,0x00000000ef700000,0x00000000ef700000)
  from space 78848K, 38% used [0x00000000f4b00000,0x00000000f68f19c8,0x00000000f9800000)
  to   space 82432K, 0% used [0x00000000ef700000,0x00000000ef700000,0x00000000f4780000)
 ParOldGen       total 211456K, used 151751K [0x0000000080000000, 0x000000008ce80000, 0x00000000d5580000)
  object space 211456K, 71% used [0x0000000080000000,0x0000000089431c88,0x000000008ce80000)
 Metaspace       used 139752K, capacity 157546K, committed 157680K, reserved 1187840K
  class space    used 17929K, capacity 18951K, committed 18984K, reserved 1048576K

